<?xml version="1.0" encoding="UTF-8"?>
<!-- Generated by org.testng.reporters.JUnitReportReporter -->
<testsuite hostname="PMISHRA-LAPTOP" name="testCase.testsendemial" tests="1" failures="0" timestamp="23 Mar 2015 13:55:10 GMT" time="25.593" errors="0">
  <testcase name="teest" time="25.593" classname="testCase.testsendemial"/>
</testsuite> <!-- testCase.testsendemial -->
