<?xml version="1.0" encoding="UTF-8"?>
<!-- Generated by org.testng.reporters.JUnitReportReporter -->
<testsuite hostname="PMISHRA-LAPTOP" name="testCase.CheckAdmin" tests="4" failures="0" timestamp="23 Mar 2015 06:29:45 GMT" time="140.309" errors="0">
  <testcase name="MonitorKHECQuadServer" time="30.087" classname="testCase.CheckAdmin"/>
  <testcase name="MonitorKHECQuadServer" time="36.903" classname="testCase.CheckAdmin"/>
  <testcase name="MonitorKHECQuadServer" time="36.718" classname="testCase.CheckAdmin"/>
  <testcase name="MonitorKHECQuadServer" time="36.601" classname="testCase.CheckAdmin"/>
</testsuite> <!-- testCase.CheckAdmin -->
